<?xml version="1.0" encoding="UTF-8"?>
<!-- Generated by org.testng.reporters.JUnitXMLReporter -->
<testsuite ignored="0" hostname="WDFV41003660D" failures="0" tests="4" name="Test5" time="0.093" errors="0" timestamp="2022-01-28T18:51:06 IST">
  <testcase classname="org.SeleniumTestNG.NewTestNG2" name="f" time="0.008"/>
  <testcase classname="org.SeleniumTestNGcopy.NewTestNG4" name="f" time="0.002"/>
  <testcase classname="org.SeleniumTestNGcopy.NewTestNG3" name="f" time="0.001"/>
  <testcase classname="org.SeleniumTestNG.NewTestNG1" name="f" time="0.002"/>
</testsuite> <!-- Test5 -->
