<?xml version="1.0" encoding="UTF-8"?>
<testng-results ignored="0" total="4" passed="4" failed="0" skipped="0">
  <reporter-output>
  </reporter-output>
  <suite started-at="2022-01-28T18:51:06 IST" name="Suite1" finished-at="2022-01-28T18:51:06 IST" duration-ms="93">
    <groups>
    </groups>
    <test started-at="2022-01-28T18:51:06 IST" name="Test5" finished-at="2022-01-28T18:51:06 IST" duration-ms="93">
      <class name="org.SeleniumTestNGcopy.NewTestNG4">
        <test-method is-config="true" signature="beforeSuite()[pri:0, instance:org.SeleniumTestNGcopy.NewTestNG4@32ee6fee]" started-at="2022-01-28T18:51:06 IST" name="beforeSuite" finished-at="2022-01-28T18:51:06 IST" duration-ms="1" status="PASS">
          <reporter-output>
          </reporter-output>
        </test-method> <!-- beforeSuite -->
        <test-method is-config="true" signature="beforeTest()[pri:0, instance:org.SeleniumTestNGcopy.NewTestNG4@32ee6fee]" started-at="2022-01-28T18:51:06 IST" name="beforeTest" finished-at="2022-01-28T18:51:06 IST" duration-ms="0" status="PASS">
          <reporter-output>
          </reporter-output>
        </test-method> <!-- beforeTest -->
        <test-method is-config="true" signature="beforeClass()[pri:0, instance:org.SeleniumTestNGcopy.NewTestNG4@32ee6fee]" started-at="2022-01-28T18:51:06 IST" name="beforeClass" finished-at="2022-01-28T18:51:06 IST" duration-ms="1" status="PASS">
          <reporter-output>
          </reporter-output>
        </test-method> <!-- beforeClass -->
        <test-method is-config="true" signature="beforeMethod()[pri:0, instance:org.SeleniumTestNGcopy.NewTestNG4@32ee6fee]" started-at="2022-01-28T18:51:06 IST" name="beforeMethod" finished-at="2022-01-28T18:51:06 IST" duration-ms="0" status="PASS">
          <reporter-output>
          </reporter-output>
        </test-method> <!-- beforeMethod -->
        <test-method signature="f()[pri:0, instance:org.SeleniumTestNGcopy.NewTestNG4@32ee6fee]" started-at="2022-01-28T18:51:06 IST" name="f" finished-at="2022-01-28T18:51:06 IST" duration-ms="2" status="PASS">
          <reporter-output>
          </reporter-output>
        </test-method> <!-- f -->
        <test-method is-config="true" signature="afterMethod()[pri:0, instance:org.SeleniumTestNGcopy.NewTestNG4@32ee6fee]" started-at="2022-01-28T18:51:06 IST" name="afterMethod" finished-at="2022-01-28T18:51:06 IST" duration-ms="1" status="PASS">
          <reporter-output>
          </reporter-output>
        </test-method> <!-- afterMethod -->
        <test-method is-config="true" signature="afterClass()[pri:0, instance:org.SeleniumTestNGcopy.NewTestNG4@32ee6fee]" started-at="2022-01-28T18:51:06 IST" name="afterClass" finished-at="2022-01-28T18:51:06 IST" duration-ms="0" status="PASS">
          <reporter-output>
          </reporter-output>
        </test-method> <!-- afterClass -->
        <test-method is-config="true" signature="afterTest()[pri:0, instance:org.SeleniumTestNGcopy.NewTestNG4@32ee6fee]" started-at="2022-01-28T18:51:06 IST" name="afterTest" finished-at="2022-01-28T18:51:06 IST" duration-ms="0" status="PASS">
          <reporter-output>
          </reporter-output>
        </test-method> <!-- afterTest -->
        <test-method is-config="true" signature="afterSuite()[pri:0, instance:org.SeleniumTestNGcopy.NewTestNG4@32ee6fee]" started-at="2022-01-28T18:51:06 IST" name="afterSuite" finished-at="2022-01-28T18:51:06 IST" duration-ms="0" status="PASS">
          <reporter-output>
          </reporter-output>
        </test-method> <!-- afterSuite -->
      </class> <!-- org.SeleniumTestNGcopy.NewTestNG4 -->
      <class name="org.SeleniumTestNGcopy.NewTestNG3">
        <test-method is-config="true" signature="beforeSuite()[pri:0, instance:org.SeleniumTestNGcopy.NewTestNG3@4d0f2471]" started-at="2022-01-28T18:51:06 IST" name="beforeSuite" finished-at="2022-01-28T18:51:06 IST" duration-ms="0" status="PASS">
          <reporter-output>
          </reporter-output>
        </test-method> <!-- beforeSuite -->
        <test-method is-config="true" signature="beforeTest()[pri:0, instance:org.SeleniumTestNGcopy.NewTestNG3@4d0f2471]" started-at="2022-01-28T18:51:06 IST" name="beforeTest" finished-at="2022-01-28T18:51:06 IST" duration-ms="0" status="PASS">
          <reporter-output>
          </reporter-output>
        </test-method> <!-- beforeTest -->
        <test-method is-config="true" signature="beforeMethod()[pri:0, instance:org.SeleniumTestNGcopy.NewTestNG3@4d0f2471]" started-at="2022-01-28T18:51:06 IST" name="beforeMethod" finished-at="2022-01-28T18:51:06 IST" duration-ms="0" status="PASS">
          <reporter-output>
          </reporter-output>
        </test-method> <!-- beforeMethod -->
        <test-method signature="f()[pri:0, instance:org.SeleniumTestNGcopy.NewTestNG3@4d0f2471]" started-at="2022-01-28T18:51:06 IST" name="f" finished-at="2022-01-28T18:51:06 IST" duration-ms="1" status="PASS">
          <reporter-output>
          </reporter-output>
        </test-method> <!-- f -->
        <test-method is-config="true" signature="afterMethod()[pri:0, instance:org.SeleniumTestNGcopy.NewTestNG3@4d0f2471]" started-at="2022-01-28T18:51:06 IST" name="afterMethod" finished-at="2022-01-28T18:51:06 IST" duration-ms="1" status="PASS">
          <reporter-output>
          </reporter-output>
        </test-method> <!-- afterMethod -->
        <test-method is-config="true" signature="afterClass()[pri:0, instance:org.SeleniumTestNGcopy.NewTestNG3@4d0f2471]" started-at="2022-01-28T18:51:06 IST" name="afterClass" finished-at="2022-01-28T18:51:06 IST" duration-ms="0" status="PASS">
          <reporter-output>
          </reporter-output>
        </test-method> <!-- afterClass -->
        <test-method is-config="true" signature="afterTest()[pri:0, instance:org.SeleniumTestNGcopy.NewTestNG3@4d0f2471]" started-at="2022-01-28T18:51:06 IST" name="afterTest" finished-at="2022-01-28T18:51:06 IST" duration-ms="1" status="PASS">
          <reporter-output>
          </reporter-output>
        </test-method> <!-- afterTest -->
        <test-method is-config="true" signature="afterSuite()[pri:0, instance:org.SeleniumTestNGcopy.NewTestNG3@4d0f2471]" started-at="2022-01-28T18:51:06 IST" name="afterSuite" finished-at="2022-01-28T18:51:06 IST" duration-ms="0" status="PASS">
          <reporter-output>
          </reporter-output>
        </test-method> <!-- afterSuite -->
      </class> <!-- org.SeleniumTestNGcopy.NewTestNG3 -->
      <class name="org.SeleniumTestNG.NewTestNG1">
        <test-method is-config="true" signature="beforeSuite()[pri:0, instance:org.SeleniumTestNG.NewTestNG1@7133da86]" started-at="2022-01-28T18:51:06 IST" name="beforeSuite" finished-at="2022-01-28T18:51:06 IST" duration-ms="15" status="PASS">
          <reporter-output>
          </reporter-output>
        </test-method> <!-- beforeSuite -->
        <test-method is-config="true" signature="beforeTest()[pri:0, instance:org.SeleniumTestNG.NewTestNG1@7133da86]" started-at="2022-01-28T18:51:06 IST" name="beforeTest" finished-at="2022-01-28T18:51:06 IST" duration-ms="0" status="PASS">
          <reporter-output>
          </reporter-output>
        </test-method> <!-- beforeTest -->
        <test-method is-config="true" signature="beforeMethod()[pri:0, instance:org.SeleniumTestNG.NewTestNG1@7133da86]" started-at="2022-01-28T18:51:06 IST" name="beforeMethod" finished-at="2022-01-28T18:51:06 IST" duration-ms="0" status="PASS">
          <reporter-output>
          </reporter-output>
        </test-method> <!-- beforeMethod -->
        <test-method signature="f()[pri:0, instance:org.SeleniumTestNG.NewTestNG1@7133da86]" started-at="2022-01-28T18:51:06 IST" name="f" finished-at="2022-01-28T18:51:06 IST" duration-ms="2" status="PASS">
          <reporter-output>
          </reporter-output>
        </test-method> <!-- f -->
        <test-method is-config="true" signature="afterMethod()[pri:0, instance:org.SeleniumTestNG.NewTestNG1@7133da86]" started-at="2022-01-28T18:51:06 IST" name="afterMethod" finished-at="2022-01-28T18:51:06 IST" duration-ms="0" status="PASS">
          <reporter-output>
          </reporter-output>
        </test-method> <!-- afterMethod -->
        <test-method is-config="true" signature="afterTest()[pri:0, instance:org.SeleniumTestNG.NewTestNG1@7133da86]" started-at="2022-01-28T18:51:06 IST" name="afterTest" finished-at="2022-01-28T18:51:06 IST" duration-ms="1" status="PASS">
          <reporter-output>
          </reporter-output>
        </test-method> <!-- afterTest -->
        <test-method is-config="true" signature="afterClass()[pri:0, instance:org.SeleniumTestNG.NewTestNG1@7133da86]" started-at="2022-01-28T18:51:06 IST" name="afterClass" finished-at="2022-01-28T18:51:06 IST" duration-ms="0" status="PASS">
          <reporter-output>
          </reporter-output>
        </test-method> <!-- afterClass -->
        <test-method is-config="true" signature="afterSuite()[pri:0, instance:org.SeleniumTestNG.NewTestNG1@7133da86]" started-at="2022-01-28T18:51:06 IST" name="afterSuite" finished-at="2022-01-28T18:51:06 IST" duration-ms="0" status="PASS">
          <reporter-output>
          </reporter-output>
        </test-method> <!-- afterSuite -->
      </class> <!-- org.SeleniumTestNG.NewTestNG1 -->
      <class name="org.SeleniumTestNG.NewTestNG2">
        <test-method is-config="true" signature="beforeSuite()[pri:0, instance:org.SeleniumTestNG.NewTestNG2@25084a1e]" started-at="2022-01-28T18:51:06 IST" name="beforeSuite" finished-at="2022-01-28T18:51:06 IST" duration-ms="0" status="PASS">
          <reporter-output>
          </reporter-output>
        </test-method> <!-- beforeSuite -->
        <test-method is-config="true" signature="beforeTest()[pri:0, instance:org.SeleniumTestNG.NewTestNG2@25084a1e]" started-at="2022-01-28T18:51:06 IST" name="beforeTest" finished-at="2022-01-28T18:51:06 IST" duration-ms="1" status="PASS">
          <reporter-output>
          </reporter-output>
        </test-method> <!-- beforeTest -->
        <test-method is-config="true" signature="beforeClass()[pri:0, instance:org.SeleniumTestNG.NewTestNG2@25084a1e]" started-at="2022-01-28T18:51:06 IST" name="beforeClass" finished-at="2022-01-28T18:51:06 IST" duration-ms="0" status="PASS">
          <reporter-output>
          </reporter-output>
        </test-method> <!-- beforeClass -->
        <test-method is-config="true" signature="beforeMethod()[pri:0, instance:org.SeleniumTestNG.NewTestNG2@25084a1e]" started-at="2022-01-28T18:51:06 IST" name="beforeMethod" finished-at="2022-01-28T18:51:06 IST" duration-ms="0" status="PASS">
          <reporter-output>
          </reporter-output>
        </test-method> <!-- beforeMethod -->
        <test-method signature="f()[pri:0, instance:org.SeleniumTestNG.NewTestNG2@25084a1e]" started-at="2022-01-28T18:51:06 IST" name="f" finished-at="2022-01-28T18:51:06 IST" duration-ms="8" status="PASS">
          <reporter-output>
          </reporter-output>
        </test-method> <!-- f -->
        <test-method is-config="true" signature="afterMethod()[pri:0, instance:org.SeleniumTestNG.NewTestNG2@25084a1e]" started-at="2022-01-28T18:51:06 IST" name="afterMethod" finished-at="2022-01-28T18:51:06 IST" duration-ms="0" status="PASS">
          <reporter-output>
          </reporter-output>
        </test-method> <!-- afterMethod -->
        <test-method is-config="true" signature="afterClass()[pri:0, instance:org.SeleniumTestNG.NewTestNG2@25084a1e]" started-at="2022-01-28T18:51:06 IST" name="afterClass" finished-at="2022-01-28T18:51:06 IST" duration-ms="0" status="PASS">
          <reporter-output>
          </reporter-output>
        </test-method> <!-- afterClass -->
        <test-method is-config="true" signature="afterTest()[pri:0, instance:org.SeleniumTestNG.NewTestNG2@25084a1e]" started-at="2022-01-28T18:51:06 IST" name="afterTest" finished-at="2022-01-28T18:51:06 IST" duration-ms="0" status="PASS">
          <reporter-output>
          </reporter-output>
        </test-method> <!-- afterTest -->
        <test-method is-config="true" signature="afterSuite()[pri:0, instance:org.SeleniumTestNG.NewTestNG2@25084a1e]" started-at="2022-01-28T18:51:06 IST" name="afterSuite" finished-at="2022-01-28T18:51:06 IST" duration-ms="1" status="PASS">
          <reporter-output>
          </reporter-output>
        </test-method> <!-- afterSuite -->
      </class> <!-- org.SeleniumTestNG.NewTestNG2 -->
    </test> <!-- Test5 -->
  </suite> <!-- Suite1 -->
</testng-results>
